<?xml version='1.0' encoding='UTF-8'?>
<testsuite hostname="pc-dribagnac" name="learn.TestDevMaxExp" tests="5" errors="0" failures="0" skipped="0" time="0.103" timestamp="2019-06-12T10:41:24">
                     <properties>
      <property name="jline.esc.timeout" value="0"/><property name="java.runtime.name" value="Java(TM) SE Runtime Environment"/><property name="sun.boot.library.path" value="C:\app\Java\jdk1.8.0_66\jre\bin"/><property name="java.vm.version" value="25.66-b18"/><property name="java.vm.vendor" value="Oracle Corporation"/><property name="java.vendor.url" value="http://java.oracle.com/"/><property name="path.separator" value=";"/><property name="jna.loaded" value="true"/><property name="java.vm.name" value="Java HotSpot(TM) 64-Bit Server VM"/><property name="file.encoding.pkg" value="sun.io"/><property name="user.country" value="GB"/><property name="user.script" value=""/><property name="sun.java.launcher" value="SUN_STANDARD"/><property name="sun.os.patch.level" value=""/><property name="jna.nosys" value="true"/><property name="java.vm.specification.name" value="Java Virtual Machine Specification"/><property name="user.dir" value="C:\2019Coding\scalaImageRecognition"/><property name="java.runtime.version" value="1.8.0_66-b18"/><property name="java.awt.graphicsenv" value="sun.awt.Win32GraphicsEnvironment"/><property name="java.endorsed.dirs" value="C:\app\Java\jdk1.8.0_66\jre\lib\endorsed"/><property name="os.arch" value="amd64"/><property name="java.io.tmpdir" value="C:\Users\DRIBAG~1\AppData\Local\Temp\"/><property name="line.separator" value="
"/><property name="java.vm.specification.vendor" value="Oracle Corporation"/><property name="user.variant" value=""/><property name="os.name" value="Windows 10"/><property name="sun.jnu.encoding" value="Cp1252"/><property name="jnidispatch.path" value="C:\Users\DRIBAG~1\AppData\Local\Temp\jna--1942882973\jna3528733571967848217.dll"/><property name="java.library.path" value="C:\app\Java\jdk1.8.0_66\bin;C:\WINDOWS\Sun\Java\bin;C:\WINDOWS\system32;C:\WINDOWS;C:\app\Java\jdk1.8.0_66\bin;C:\Program Files\Haskell\bin;C:\Program Files\Haskell Platform\8.6.5\lib\extralibs\bin;C:\Program Files\Haskell Platform\8.6.5\bin;C:\Program Files (x86)\Common Files\Oracle\Java\javapath;c:\app\oracle\product\12.1.0\dbhome_1\bin;C:\ProgramData\Oracle\Java\javapath;D:\app\oracle\product\12.1.0\dbhome_2\bin;D:\app\oracle\product\12.1.0\dbhome_1\bin;C:\oraclexe\app\oracle\product\11.2.0\server\bin;C:\Program Files (x86)\apache-maven-3.2.3\bin;C:\app\Java\jdk1.8.0_66\bin;c:\app\oracle\product\12.1.0\dbhome_1\bin;C:\Program Files (x86)\subversion-1.7.18;C:\Program Files\TortoiseSVN\bin;C:\WINDOWS\system32;C:\WINDOWS;C:\WINDOWS\System32\Wbem;C:\WINDOWS\System32\WindowsPowerShell\v1.0\;C:\app\SlikSvn\bin;C:\app\VisualSvnServer\bin;C:\Program Files (x86)\IBM\Notes;C:\Program Files\Git\cmd;C:\WINDOWS\System32\OpenSSH\;C:\Users\jtremolieres\AppData\Local\Programs\Python\Python37-32;C:\Users\jtremolieres\AppData\Local\Programs\Python\Python37-32\scripts\;C:\Program Files (x86)\Bazaar;C:\Program Files\Calibre2\;C:\Program Files\sbt\bin;C:\Program Files (x86)\scala\bin;C:\Program Files\PuTTY\;C:\Program Files\nodejs\;C:\Program Files\Haskell Platform\8.6.5\mingw\bin;C:\Users\dribagnac\AppData\Local\Programs\Python\Python37-32;C:\Users\dribagnac\AppData\Local\Programs\Python\Python37-32\Scripts;C:\Users\dribagnac\AppData\Roaming\cabal\bin;C:\Users\dribagnac\AppData\Roaming\local\bin;C:\Users\dribagnac\AppData\Local\Microsoft\WindowsApps;C:\Program Files\Docker Toolbox;C:\Users\dribagnac\AppData\Roaming\npm;."/><property name="java.specification.name" value="Java Platform API Specification"/><property name="java.class.version" value="52.0"/><property name="sun.management.compiler" value="HotSpot 64-Bit Tiered Compilers"/><property name="os.version" value="10.0"/><property name="user.home" value="C:\Users\dribagnac"/><property name="user.timezone" value="Europe/Berlin"/><property name="java.awt.printerjob" value="sun.awt.windows.WPrinterJob"/><property name="file.encoding" value="Cp1252"/><property name="java.specification.version" value="1.8"/><property name="sbt.log.format" value="true"/><property name="java.class.path" value="C:\Program Files\sbt\bin\sbt-launch.jar"/><property name="user.name" value="dribagnac"/><property name="jline.shutdownhook" value="false"/><property name="java.vm.specification.version" value="1.8"/><property name="sun.java.command" value="xsbt.boot.Boot test"/><property name="java.home" value="C:\app\Java\jdk1.8.0_66\jre"/><property name="sun.arch.data.model" value="64"/><property name="user.language" value="en"/><property name="java.specification.vendor" value="Oracle Corporation"/><property name="awt.toolkit" value="sun.awt.windows.WToolkit"/><property name="java.vm.info" value="mixed mode"/><property name="java.version" value="1.8.0_66"/><property name="java.ext.dirs" value="C:\app\Java\jdk1.8.0_66\jre\lib\ext;C:\WINDOWS\Sun\Java\lib\ext"/><property name="sun.boot.class.path" value="C:\app\Java\jdk1.8.0_66\jre\lib\resources.jar;C:\app\Java\jdk1.8.0_66\jre\lib\rt.jar;C:\app\Java\jdk1.8.0_66\jre\lib\sunrsasign.jar;C:\app\Java\jdk1.8.0_66\jre\lib\jsse.jar;C:\app\Java\jdk1.8.0_66\jre\lib\jce.jar;C:\app\Java\jdk1.8.0_66\jre\lib\charsets.jar;C:\app\Java\jdk1.8.0_66\jre\lib\jfr.jar;C:\app\Java\jdk1.8.0_66\jre\classes"/><property name="java.vendor" value="Oracle Corporation"/><property name="sun.stderr.encoding" value="cp850"/><property name="file.separator" value="\"/><property name="java.vendor.url.bug" value="http://bugreport.sun.com/bugreport/"/><property name="sun.io.unicode.encoding" value="UnicodeLittle"/><property name="sun.cpu.endian" value="little"/><property name="sun.stdout.encoding" value="cp850"/><property name="sun.desktop" value="windows"/><property name="sun.cpu.isalist" value="amd64"/>
    </properties>
                     <testcase classname="learn.TestDevMaxExp" name="should retunn 10" time="0.095">
                                                 
                                               </testcase><testcase classname="learn.TestDevMaxExp" name="should retunn 18" time="0.0">
                                                 
                                               </testcase><testcase classname="learn.TestDevMaxExp" name="should retunn 18 also" time="0.001">
                                                 
                                               </testcase><testcase classname="learn.TestDevMaxExp" name="should retunn 15 also" time="0.0">
                                                 
                                               </testcase><testcase classname="learn.TestDevMaxExp" name="should be ok" time="0.007">
                                                 
                                               </testcase>
                     <system-out><![CDATA[]]></system-out>
                     <system-err><![CDATA[]]></system-err>
                   </testsuite>